This file contains any messages produced by compilers while
running configure, to aid debugging if configure makes a mistake.

It was created by configure, which was
generated by GNU Autoconf 2.59.  Invocation command line was

  $ ./configure --host psp --prefix=/usr/local/pspdev/psp

## --------- ##
## Platform. ##
## --------- ##

hostname = thebajk
uname -m = i686
uname -r = 1.5.18(0.132/4/2)
uname -s = CYGWIN_NT-5.1
uname -v = 2005-07-02 20:30

/usr/bin/uname -p = unknown
/bin/uname -X     = unknown

/bin/arch              = unknown
/usr/bin/arch -k       = unknown
/usr/convex/getsysinfo = unknown
hostinfo               = unknown
/bin/machine           = unknown
/usr/bin/oslevel       = unknown
/bin/universe          = unknown

PATH: /usr/local/bin
PATH: /usr/bin
PATH: /bin
PATH: /usr/X11R6/bin
PATH: /cygdrive/e/projects/NDL/Gamebryo 1.2 Source/Sdk/Win32/DLL
PATH: /cygdrive/c/program/ruby/bin
PATH: /cygdrive/c/program/Perl/bin/
PATH: /cygdrive/c/program/texmf/miktex/bin
PATH: /cygdrive/c/WINDOWS/system32
PATH: /cygdrive/c/WINDOWS
PATH: /cygdrive/c/WINDOWS/System32/Wbem
PATH: /cygdrive/c/program
PATH: /cygdrive/c/program/javacc-3.2/bin/
PATH: /cygdrive/c/Program/Subversion/bin
PATH: /cygdrive/c/Program/Delade filer/Compuware/NMShared
PATH: /cygdrive/c/Program/ATI Technologies/ATI Control Panel
PATH: /cygdrive/c/Program/VDMSound/
PATH: /cygdrive/c/Program/Intel/VTune50
PATH: /cygdrive/c/Program/SSH Communications Security/SSH Secure Shell
PATH: /cygdrive/c/program/j2sdk1.4.2_03
PATH: /cygdrive/c/program/j2sdk1.4.2_03/bin
PATH: /cygdrive/c/Program/NTP/bin
PATH: /usr/local/pspdev/bin
PATH: /usr/local/pspdev/psp/sdk/bin
PATH: /usr/local/pspdev/psp/bin


## ----------- ##
## Core tests. ##
## ----------- ##

configure:1553: checking for a BSD-compatible install
configure:1608: result: /usr/bin/install -c
configure:1619: checking whether build environment is sane
configure:1662: result: yes
configure:1719: checking for gawk
configure:1735: found /usr/bin/gawk
configure:1745: result: gawk
configure:1755: checking whether make sets $(MAKE)
configure:1775: result: yes
configure:1854: checking for psp-strip
configure:1870: found /usr/local/pspdev/bin/psp-strip
configure:1880: result: psp-strip
configure:1977: checking for psp-gcc
configure:1993: found /usr/local/pspdev/bin/psp-gcc
configure:2003: result: psp-gcc
configure:2285: checking for C compiler version
configure:2288: psp-gcc --version </dev/null >&5
psp-gcc (GCC) 4.0.2 (PSPDEV 20051022)
Copyright (C) 2005 Free Software Foundation, Inc.
This is free software; see the source for copying conditions.  There is NO
warranty; not even for MERCHANTABILITY or FITNESS FOR A PARTICULAR PURPOSE.

configure:2291: $? = 0
configure:2293: psp-gcc -v </dev/null >&5
Using built-in specs.
Target: psp
Configured with: ../configure --prefix=/usr/local/pspdev --target=psp --enable-languages=c,c++ --with-newlib --enable-cxx-flags=-G0
Thread model: single
gcc version 4.0.2 (PSPDEV 20051022)
configure:2296: $? = 0
configure:2298: psp-gcc -V </dev/null >&5
psp-gcc: '-V' option must have argument
configure:2301: $? = 1
configure:2324: checking for C compiler default output file name
configure:2327: psp-gcc   -L/usr/local/pspdev/psp/sdk/lib -lc -lpspuser conftest.c  >&5
configure:2330: $? = 0
configure:2376: result: a.out
configure:2381: checking whether the C compiler works
configure:2387: ./a.out
./a.out: ./a.out: cannot execute binary file
configure:2390: $? = 126
configure:2407: result: yes
configure:2414: checking whether we are cross compiling
configure:2416: result: yes
configure:2419: checking for suffix of executables
configure:2421: psp-gcc -o conftest   -L/usr/local/pspdev/psp/sdk/lib -lc -lpspuser conftest.c  >&5
configure:2424: $? = 0
configure:2449: result: 
configure:2455: checking for suffix of object files
configure:2476: psp-gcc -c   conftest.c >&5
configure:2479: $? = 0
configure:2501: result: o
configure:2505: checking whether we are using the GNU C compiler
configure:2529: psp-gcc -c   conftest.c >&5
configure:2535: $? = 0
configure:2539: test -z 
			 || test ! -s conftest.err
configure:2542: $? = 0
configure:2545: test -s conftest.o
configure:2548: $? = 0
configure:2561: result: yes
configure:2567: checking whether psp-gcc accepts -g
configure:2588: psp-gcc -c -g  conftest.c >&5
configure:2594: $? = 0
configure:2598: test -z 
			 || test ! -s conftest.err
configure:2601: $? = 0
configure:2604: test -s conftest.o
configure:2607: $? = 0
configure:2618: result: yes
configure:2635: checking for psp-gcc option to accept ANSI C
configure:2705: psp-gcc  -c -g -O2  conftest.c >&5
configure:2711: $? = 0
configure:2715: test -z 
			 || test ! -s conftest.err
configure:2718: $? = 0
configure:2721: test -s conftest.o
configure:2724: $? = 0
configure:2742: result: none needed
configure:2760: psp-gcc -c -g -O2  conftest.c >&5
conftest.c:2: error: syntax error before 'me'
configure:2766: $? = 1
configure: failed program was:
| #ifndef __cplusplus
|   choke me
| #endif
configure:2910: checking for style of include used by make
configure:2938: result: GNU
configure:2966: checking dependency style of psp-gcc
configure:3051: result: gcc3
configure:3146: checking build system type
configure:3164: result: i686-pc-cygwin
configure:3172: checking host system type
configure:3181: error: /bin/sh ./config.sub psp failed

## ---------------- ##
## Cache variables. ##
## ---------------- ##

ac_cv_build=i686-pc-cygwin
ac_cv_build_alias=i686-pc-cygwin
ac_cv_c_compiler_gnu=yes
ac_cv_env_CC_set=
ac_cv_env_CC_value=
ac_cv_env_CFLAGS_set=
ac_cv_env_CFLAGS_value=
ac_cv_env_CPPFLAGS_set=
ac_cv_env_CPPFLAGS_value=
ac_cv_env_CPP_set=
ac_cv_env_CPP_value=
ac_cv_env_CXXCPP_set=
ac_cv_env_CXXCPP_value=
ac_cv_env_CXXFLAGS_set=
ac_cv_env_CXXFLAGS_value=
ac_cv_env_CXX_set=
ac_cv_env_CXX_value=
ac_cv_env_F77_set=
ac_cv_env_F77_value=
ac_cv_env_FFLAGS_set=
ac_cv_env_FFLAGS_value=
ac_cv_env_LDFLAGS_set=set
ac_cv_env_LDFLAGS_value='-L/usr/local/pspdev/psp/sdk/lib -lc -lpspuser'
ac_cv_env_build_alias_set=
ac_cv_env_build_alias_value=
ac_cv_env_host_alias_set=set
ac_cv_env_host_alias_value=psp
ac_cv_env_target_alias_set=
ac_cv_env_target_alias_value=
ac_cv_exeext=
ac_cv_host=
ac_cv_host_alias=psp
ac_cv_objext=o
ac_cv_path_install='/usr/bin/install -c'
ac_cv_prog_AWK=gawk
ac_cv_prog_CC=psp-gcc
ac_cv_prog_STRIP=psp-strip
ac_cv_prog_cc_g=yes
ac_cv_prog_cc_stdc=
ac_cv_prog_make_make_set=yes
am_cv_CC_dependencies_compiler_type=gcc3

## ----------------- ##
## Output variables. ##
## ----------------- ##

ACLOCAL='${SHELL} /home/Majk/libtimidity-0.1.0/missing --run aclocal-1.8'
AMDEPBACKSLASH='\'
AMDEP_FALSE='#'
AMDEP_TRUE=''
AMTAR='${SHELL} /home/Majk/libtimidity-0.1.0/missing --run tar'
AO_CFLAGS=''
AO_LIBS=''
AR=''
AUTOCONF='${SHELL} /home/Majk/libtimidity-0.1.0/missing --run autoconf'
AUTOHEADER='${SHELL} /home/Majk/libtimidity-0.1.0/missing --run autoheader'
AUTOMAKE='${SHELL} /home/Majk/libtimidity-0.1.0/missing --run automake-1.8'
AWK='gawk'
CC='psp-gcc'
CCDEPMODE='depmode=gcc3'
CFLAGS='-g -O2'
CPP=''
CPPFLAGS=''
CXX=''
CXXCPP=''
CXXDEPMODE=''
CXXFLAGS=''
CYGPATH_W='cygpath -w'
DEFS=''
DEPDIR='.deps'
ECHO='echo'
ECHO_C=''
ECHO_N='-n'
ECHO_T=''
EGREP=''
EXEEXT=''
F77=''
FFLAGS=''
HAVE_AO_FALSE=''
HAVE_AO_TRUE=''
INSTALL_DATA='${INSTALL} -m 644'
INSTALL_PROGRAM='${INSTALL}'
INSTALL_SCRIPT='${INSTALL}'
INSTALL_STRIP_PROGRAM='${SHELL} $(install_sh) -c -s'
LDFLAGS='-L/usr/local/pspdev/psp/sdk/lib -lc -lpspuser'
LIBOBJS=''
LIBS=''
LIBTIMIDITY_LIBS=''
LIBTIMIDITY_MAJOR_VERSION='0'
LIBTIMIDITY_MICRO_VERSION='0'
LIBTIMIDITY_MINOR_VERSION='1'
LIBTIMIDITY_SO_RELEASE='0.1'
LIBTIMIDITY_SO_VERSION='0:0:0'
LIBTIMIDITY_VERSION='0.1.0'
LIBTOOL=''
LN_S=''
LTLIBOBJS=''
MAKEINFO='${SHELL} /home/Majk/libtimidity-0.1.0/missing --run makeinfo'
OBJEXT='o'
PACKAGE='libtimidity'
PACKAGE_BUGREPORT=''
PACKAGE_NAME=''
PACKAGE_STRING=''
PACKAGE_TARNAME=''
PACKAGE_VERSION=''
PATH_SEPARATOR=':'
RANLIB=''
SET_MAKE=''
SHELL='/bin/sh'
STRIP='psp-strip'
VERSION='0.1.0'
ac_ct_AR=''
ac_ct_CC=''
ac_ct_CXX=''
ac_ct_F77=''
ac_ct_RANLIB=''
ac_ct_STRIP=''
am__fastdepCC_FALSE='#'
am__fastdepCC_TRUE=''
am__fastdepCXX_FALSE=''
am__fastdepCXX_TRUE=''
am__include='include'
am__leading_dot='.'
am__quote=''
bindir='${exec_prefix}/bin'
build='i686-pc-cygwin'
build_alias=''
build_cpu='i686'
build_os='cygwin'
build_vendor='pc'
datadir='${prefix}/share'
exec_prefix='NONE'
host='psp'
host_alias='psp'
host_cpu=''
host_os=''
host_vendor=''
includedir='${prefix}/include'
infodir='${prefix}/info'
install_sh='/home/Majk/libtimidity-0.1.0/install-sh'
libdir='${exec_prefix}/lib'
libexecdir='${exec_prefix}/libexec'
localstatedir='${prefix}/var'
mandir='${prefix}/man'
mkdir_p='mkdir -p -- .'
oldincludedir='/usr/include'
prefix='/usr/local/pspdev/psp'
program_transform_name='s,x,x,'
sbindir='${exec_prefix}/sbin'
sharedstatedir='${prefix}/com'
sysconfdir='${prefix}/etc'
target_alias=''

## ----------- ##
## confdefs.h. ##
## ----------- ##

#define PACKAGE "libtimidity"
#define PACKAGE_BUGREPORT ""
#define PACKAGE_NAME ""
#define PACKAGE_STRING ""
#define PACKAGE_TARNAME ""
#define PACKAGE_VERSION ""
#define VERSION "0.1.0"

configure: exit 1
